# JRE version: Java(TM) SE Runtime Environment (8.0_141-b15) (build 1.8.0_141-b15)
# Java VM: Java HotSpot(TM) 64-Bit Server VM (25.141-b15 mixed mode windows-amd64 compressed oops)
Heap:
 PSYoungGen      total 269824K, used 207486K [0x00000000d5d80000, 0x00000000e6980000, 0x0000000100000000)
  eden space 265728K, 77% used [0x00000000d5d80000,0x00000000e279fa98,0x00000000e6100000)
  from space 4096K, 12% used [0x00000000e6100000,0x00000000e6180030,0x00000000e6500000)
  to   space 3584K, 0% used [0x00000000e6500000,0x00000000e6500000,0x00000000e6880000)
 ParOldGen       total 87552K, used 17956K [0x0000000081800000, 0x0000000086d80000, 0x00000000d5d80000)
  object space 87552K, 20% used [0x0000000081800000,0x00000000829891f0,0x0000000086d80000)
 Metaspace       used 13415K, capacity 13618K, committed 13824K, reserved 1060864K
  class space    used 1719K, capacity 1780K, committed 1792K, reserved 1048576K
GC Heap History (10 events):
Event: 1.169 GC heap before
{Heap before GC invocations=7 (full 0):
 PSYoungGen      total 136192K, used 135772K [0x00000000d5d80000, 0x00000000de580000, 0x0000000100000000)
  eden space 133120K, 100% used [0x00000000d5d80000,0x00000000ddf80000,0x00000000ddf80000)
  from space 3072K, 86% used [0x00000000de280000,0x00000000de517280,0x00000000de580000)
  to   space 3072K, 0% used [0x00000000ddf80000,0x00000000ddf80000,0x00000000de280000)
 ParOldGen       total 87552K, used 40K [0x0000000081800000, 0x0000000086d80000, 0x00000000d5d80000)
  object space 87552K, 0% used [0x0000000081800000,0x000000008180a000,0x0000000086d80000)
 Metaspace       used 12894K, capacity 13092K, committed 13312K, reserved 1060864K
  class space    used 1655K, capacity 1741K, committed 1792K, reserved 1048576K
Event: 1.174 GC heap after
Heap after GC invocations=7 (full 0):
 PSYoungGen      total 136192K, used 160K [0x00000000d5d80000, 0x00000000e6880000, 0x0000000100000000)
  eden space 133120K, 0% used [0x00000000d5d80000,0x00000000d5d80000,0x00000000ddf80000)
  from space 3072K, 5% used [0x00000000ddf80000,0x00000000ddfa8000,0x00000000de280000)
  to   space 3584K, 0% used [0x00000000e6500000,0x00000000e6500000,0x00000000e6880000)
 ParOldGen       total 87552K, used 2680K [0x0000000081800000, 0x0000000086d80000, 0x00000000d5d80000)
  object space 87552K, 3% used [0x0000000081800000,0x0000000081a9e3c0,0x0000000086d80000)
 Metaspace       used 12894K, capacity 13092K, committed 13312K, reserved 1060864K
  class space    used 1655K, capacity 1741K, committed 1792K, reserved 1048576K
}
Event: 1.354 GC heap before
{Heap before GC invocations=8 (full 0):
 PSYoungGen      total 136192K, used 133280K [0x00000000d5d80000, 0x00000000e6880000, 0x0000000100000000)
  eden space 133120K, 100% used [0x00000000d5d80000,0x00000000ddf80000,0x00000000ddf80000)
  from space 3072K, 5% used [0x00000000ddf80000,0x00000000ddfa8000,0x00000000de280000)
  to   space 3584K, 0% used [0x00000000e6500000,0x00000000e6500000,0x00000000e6880000)
 ParOldGen       total 87552K, used 2680K [0x0000000081800000, 0x0000000086d80000, 0x00000000d5d80000)
  object space 87552K, 3% used [0x0000000081800000,0x0000000081a9e3c0,0x0000000086d80000)
 Metaspace       used 12927K, capacity 13156K, committed 13312K, reserved 1060864K
  class space    used 1662K, capacity 1741K, committed 1792K, reserved 1048576K
Event: 1.357 GC heap after
Heap after GC invocations=8 (full 0):
 PSYoungGen      total 269312K, used 160K [0x00000000d5d80000, 0x00000000e6980000, 0x0000000100000000)
  eden space 265728K, 0% used [0x00000000d5d80000,0x00000000d5d80000,0x00000000e6100000)
  from space 3584K, 4% used [0x00000000e6500000,0x00000000e6528000,0x00000000e6880000)
  to   space 4096K, 0% used [0x00000000e6100000,0x00000000e6100000,0x00000000e6500000)
 ParOldGen       total 87552K, used 2680K [0x0000000081800000, 0x0000000086d80000, 0x00000000d5d80000)
  object space 87552K, 3% used [0x0000000081800000,0x0000000081a9e3c0,0x0000000086d80000)
 Metaspace       used 12927K, capacity 13156K, committed 13312K, reserved 1060864K
  class space    used 1662K, capacity 1741K, committed 1792K, reserved 1048576K
}
Event: 1.671 GC heap before
{Heap before GC invocations=9 (full 0):
 PSYoungGen      total 269312K, used 265888K [0x00000000d5d80000, 0x00000000e6980000, 0x0000000100000000)
  eden space 265728K, 100% used [0x00000000d5d80000,0x00000000e6100000,0x00000000e6100000)
  from space 3584K, 4% used [0x00000000e6500000,0x00000000e6528000,0x00000000e6880000)
  to   space 4096K, 0% used [0x00000000e6100000,0x00000000e6100000,0x00000000e6500000)
 ParOldGen       total 87552K, used 2680K [0x0000000081800000, 0x0000000086d80000, 0x00000000d5d80000)
  object space 87552K, 3% used [0x0000000081800000,0x0000000081a9e3c0,0x0000000086d80000)
 Metaspace       used 12942K, capacity 13156K, committed 13312K, reserved 1060864K
  class space    used 1663K, capacity 1741K, committed 1792K, reserved 1048576K
Event: 1.672 GC heap after
Heap after GC invocations=9 (full 0):
 PSYoungGen      total 269824K, used 256K [0x00000000d5d80000, 0x00000000e6980000, 0x0000000100000000)
  eden space 265728K, 0% used [0x00000000d5d80000,0x00000000d5d80000,0x00000000e6100000)
  from space 4096K, 6% used [0x00000000e6100000,0x00000000e6140000,0x00000000e6500000)
  to   space 3584K, 0% used [0x00000000e6500000,0x00000000e6500000,0x00000000e6880000)
 ParOldGen       total 87552K, used 2688K [0x0000000081800000, 0x0000000086d80000, 0x00000000d5d80000)
  object space 87552K, 3% used [0x0000000081800000,0x0000000081aa03c0,0x0000000086d80000)
 Metaspace       used 12942K, capacity 13156K, committed 13312K, reserved 1060864K
  class space    used 1663K, capacity 1741K, committed 1792K, reserved 1048576K
}
Event: 1.941 GC heap before
{Heap before GC invocations=10 (full 0):
 PSYoungGen      total 269824K, used 265984K [0x00000000d5d80000, 0x00000000e6980000, 0x0000000100000000)
  eden space 265728K, 100% used [0x00000000d5d80000,0x00000000e6100000,0x00000000e6100000)
  from space 4096K, 6% used [0x00000000e6100000,0x00000000e6140000,0x00000000e6500000)
  to   space 3584K, 0% used [0x00000000e6500000,0x00000000e6500000,0x00000000e6880000)
 ParOldGen       total 87552K, used 2688K [0x0000000081800000, 0x0000000086d80000, 0x00000000d5d80000)
  object space 87552K, 3% used [0x0000000081800000,0x0000000081aa03c0,0x0000000086d80000)
 Metaspace       used 12969K, capacity 13220K, committed 13312K, reserved 1060864K
  class space    used 1663K, capacity 1741K, committed 1792K, reserved 1048576K
Event: 1.941 GC heap after
Heap after GC invocations=10 (full 0):
 PSYoungGen      total 269312K, used 192K [0x00000000d5d80000, 0x00000000e6980000, 0x0000000100000000)
  eden space 265728K, 0% used [0x00000000d5d80000,0x00000000d5d80000,0x00000000e6100000)
  from space 3584K, 5% used [0x00000000e6500000,0x00000000e6530000,0x00000000e6880000)
  to   space 4096K, 0% used [0x00000000e6100000,0x00000000e6100000,0x00000000e6500000)
 ParOldGen       total 87552K, used 2736K [0x0000000081800000, 0x0000000086d80000, 0x00000000d5d80000)
  object space 87552K, 3% used [0x0000000081800000,0x0000000081aac3c0,0x0000000086d80000)
 Metaspace       used 12969K, capacity 13220K, committed 13312K, reserved 1060864K
  class space    used 1663K, capacity 1741K, committed 1792K, reserved 1048576K
}
Event: 2.242 GC heap before
{Heap before GC invocations=11 (full 0):
 PSYoungGen      total 269312K, used 265920K [0x00000000d5d80000, 0x00000000e6980000, 0x0000000100000000)
  eden space 265728K, 100% used [0x00000000d5d80000,0x00000000e6100000,0x00000000e6100000)
  from space 3584K, 5% used [0x00000000e6500000,0x00000000e6530000,0x00000000e6880000)
  to   space 4096K, 0% used [0x00000000e6100000,0x00000000e6100000,0x00000000e6500000)
 ParOldGen       total 87552K, used 2736K [0x0000000081800000, 0x0000000086d80000, 0x00000000d5d80000)
  object space 87552K, 3% used [0x0000000081800000,0x0000000081aac3c0,0x0000000086d80000)
 Metaspace       used 13217K, capacity 13400K, committed 13568K, reserved 1060864K
  class space    used 1707K, capacity 1775K, committed 1792K, reserved 1048576K
Event: 2.248 GC heap after
Heap after GC invocations=11 (full 0):
 PSYoungGen      total 269824K, used 512K [0x00000000d5d80000, 0x00000000e6980000, 0x0000000100000000)
  eden space 265728K, 0% used [0x00000000d5d80000,0x00000000d5d80000,0x00000000e6100000)
  from space 4096K, 12% used [0x00000000e6100000,0x00000000e6180030,0x00000000e6500000)
  to   space 3584K, 0% used [0x00000000e6500000,0x00000000e6500000,0x00000000e6880000)
 ParOldGen       total 87552K, used 17956K [0x0000000081800000, 0x0000000086d80000, 0x00000000d5d80000)
  object space 87552K, 20% used [0x0000000081800000,0x00000000829891f0,0x0000000086d80000)
 Metaspace       used 13217K, capacity 13400K, committed 13568K, reserved 1060864K
  class space    used 1707K, capacity 1775K, committed 1792K, reserved 1048576K
}

